<?xml version='1.0' encoding='UTF-8'?>
<testsuite hostname="Triinu-PC" name="com.technicianmovement.TurbineActorSpec" tests="4" errors="0" failures="0" skipped="0" time="0.611">
                     <properties>
[...]
</properties>
                     <testcase classname="com.technicianmovement.TurbineActorSpec" name="A Turbine Actor should throw error when status first becomes Broken" time="0.046">
                                                 
                                               </testcase><testcase classname="com.technicianmovement.TurbineActorSpec" name="A Turbine Actor should throw error when broken for more than 4 hours without technician" time="0.019">
                                                 
                                               </testcase><testcase classname="com.technicianmovement.TurbineActorSpec" name="A Turbine Actor should not throw error when broken for more than 4 hours but technician on board" time="0.514">
                                                 
                                               </testcase><testcase classname="com.technicianmovement.TurbineActorSpec" name="A Turbine Actor should throw error when broken for more than 3 minutes after technician left" time="0.032">
                                                 
                                               </testcase>
                     <system-out><![CDATA[]]></system-out>
                     <system-err><![CDATA[]]></system-err>
                   </testsuite>