# JRE version: Java(TM) SE Runtime Environment (8.0_101-b13) (build 1.8.0_101-b13)
# Java VM: Java HotSpot(TM) 64-Bit Server VM (25.101-b13 mixed mode windows-amd64 compressed oops)
Heap:
 PSYoungGen      total 132096K, used 73282K [0x00000000f5580000, 0x00000000ff600000, 0x0000000100000000)
  eden space 99328K, 61% used [0x00000000f5580000,0x00000000f917a2c8,0x00000000fb680000)
  from space 32768K, 36% used [0x00000000fb680000,0x00000000fc2166e0,0x00000000fd680000)
  to   space 30720K, 0% used [0x00000000fd800000,0x00000000fd800000,0x00000000ff600000)
 ParOldGen       total 289792K, used 149394K [0x00000000e0000000, 0x00000000f1b00000, 0x00000000f5580000)
  object space 289792K, 51% used [0x00000000e0000000,0x00000000e91e4968,0x00000000f1b00000)
 Metaspace       used 390799K, capacity 426806K, committed 426900K, reserved 1419264K
  class space    used 54268K, capacity 56652K, committed 56724K, reserved 1048576K
GC Heap History (10 events):
Event: 3126.750 GC heap before
{Heap before GC invocations=75 (full 21):
 PSYoungGen      total 131072K, used 17602K [0x00000000f5580000, 0x00000000ff580000, 0x0000000100000000)
  eden space 99328K, 0% used [0x00000000f5580000,0x00000000f5580000,0x00000000fb680000)
  from space 31744K, 55% used [0x00000000fd680000,0x00000000fe7b0b38,0x00000000ff580000)
  to   space 32256K, 0% used [0x00000000fb680000,0x00000000fb680000,0x00000000fd600000)
 ParOldGen       total 289792K, used 142082K [0x00000000e0000000, 0x00000000f1b00000, 0x00000000f5580000)
  object space 289792K, 49% used [0x00000000e0000000,0x00000000e8ac0920,0x00000000f1b00000)
 Metaspace       used 370988K, capacity 406348K, committed 406548K, reserved 1402880K
  class space    used 51462K, capacity 53743K, committed 53780K, reserved 1048576K
Event: 3127.506 GC heap after
Heap after GC invocations=75 (full 21):
 PSYoungGen      total 131072K, used 0K [0x00000000f5580000, 0x00000000ff580000, 0x0000000100000000)
  eden space 99328K, 0% used [0x00000000f5580000,0x00000000f5580000,0x00000000fb680000)
  from space 31744K, 0% used [0x00000000fd680000,0x00000000fd680000,0x00000000ff580000)
  to   space 32256K, 0% used [0x00000000fb680000,0x00000000fb680000,0x00000000fd600000)
 ParOldGen       total 289792K, used 156757K [0x00000000e0000000, 0x00000000f1b00000, 0x00000000f5580000)
  object space 289792K, 54% used [0x00000000e0000000,0x00000000e9915688,0x00000000f1b00000)
 Metaspace       used 370446K, capacity 405188K, committed 406548K, reserved 1402880K
  class space    used 51293K, capacity 53543K, committed 53780K, reserved 1048576K
}
Event: 3127.507 GC heap before
{Heap before GC invocations=76 (full 21):
 PSYoungGen      total 131072K, used 1227K [0x00000000f5580000, 0x00000000ff580000, 0x0000000100000000)
  eden space 99328K, 1% used [0x00000000f5580000,0x00000000f56b2d10,0x00000000fb680000)
  from space 31744K, 0% used [0x00000000fd680000,0x00000000fd680000,0x00000000ff580000)
  to   space 32256K, 0% used [0x00000000fb680000,0x00000000fb680000,0x00000000fd600000)
 ParOldGen       total 289792K, used 156757K [0x00000000e0000000, 0x00000000f1b00000, 0x00000000f5580000)
  object space 289792K, 54% used [0x00000000e0000000,0x00000000e9915688,0x00000000f1b00000)
 Metaspace       used 370446K, capacity 405188K, committed 406548K, reserved 1402880K
  class space    used 51293K, capacity 53543K, committed 53780K, reserved 1048576K
Event: 3127.513 GC heap after
Heap after GC invocations=76 (full 21):
 PSYoungGen      total 131584K, used 64K [0x00000000f5580000, 0x00000000ff680000, 0x0000000100000000)
  eden space 99328K, 0% used [0x00000000f5580000,0x00000000f5580000,0x00000000fb680000)
  from space 32256K, 0% used [0x00000000fb680000,0x00000000fb690000,0x00000000fd600000)
  to   space 32768K, 0% used [0x00000000fd680000,0x00000000fd680000,0x00000000ff680000)
 ParOldGen       total 289792K, used 156757K [0x00000000e0000000, 0x00000000f1b00000, 0x00000000f5580000)
  object space 289792K, 54% used [0x00000000e0000000,0x00000000e9915688,0x00000000f1b00000)
 Metaspace       used 370446K, capacity 405188K, committed 406548K, reserved 1402880K
  class space    used 51293K, capacity 53543K, committed 53780K, reserved 1048576K
}
Event: 3127.513 GC heap before
{Heap before GC invocations=77 (full 22):
 PSYoungGen      total 131584K, used 64K [0x00000000f5580000, 0x00000000ff680000, 0x0000000100000000)
  eden space 99328K, 0% used [0x00000000f5580000,0x00000000f5580000,0x00000000fb680000)
  from space 32256K, 0% used [0x00000000fb680000,0x00000000fb690000,0x00000000fd600000)
  to   space 32768K, 0% used [0x00000000fd680000,0x00000000fd680000,0x00000000ff680000)
 ParOldGen       total 289792K, used 156757K [0x00000000e0000000, 0x00000000f1b00000, 0x00000000f5580000)
  object space 289792K, 54% used [0x00000000e0000000,0x00000000e9915688,0x00000000f1b00000)
 Metaspace       used 370446K, capacity 405188K, committed 406548K, reserved 1402880K
  class space    used 51293K, capacity 53543K, committed 53780K, reserved 1048576K
Event: 3127.811 GC heap after
Heap after GC invocations=77 (full 22):
 PSYoungGen      total 131584K, used 0K [0x00000000f5580000, 0x00000000ff680000, 0x0000000100000000)
  eden space 99328K, 0% used [0x00000000f5580000,0x00000000f5580000,0x00000000fb680000)
  from space 32256K, 0% used [0x00000000fb680000,0x00000000fb680000,0x00000000fd600000)
  to   space 32768K, 0% used [0x00000000fd680000,0x00000000fd680000,0x00000000ff680000)
 ParOldGen       total 289792K, used 149378K [0x00000000e0000000, 0x00000000f1b00000, 0x00000000f5580000)
  object space 289792K, 51% used [0x00000000e0000000,0x00000000e91e0968,0x00000000f1b00000)
 Metaspace       used 370446K, capacity 405188K, committed 406548K, reserved 1402880K
  class space    used 51293K, capacity 53543K, committed 53780K, reserved 1048576K
}
Event: 3591.261 GC heap before
{Heap before GC invocations=78 (full 22):
 PSYoungGen      total 131584K, used 99328K [0x00000000f5580000, 0x00000000ff680000, 0x0000000100000000)
  eden space 99328K, 100% used [0x00000000f5580000,0x00000000fb680000,0x00000000fb680000)
  from space 32256K, 0% used [0x00000000fb680000,0x00000000fb680000,0x00000000fd600000)
  to   space 32768K, 0% used [0x00000000fd680000,0x00000000fd680000,0x00000000ff680000)
 ParOldGen       total 289792K, used 149378K [0x00000000e0000000, 0x00000000f1b00000, 0x00000000f5580000)
  object space 289792K, 51% used [0x00000000e0000000,0x00000000e91e0968,0x00000000f1b00000)
 Metaspace       used 370807K, capacity 405644K, committed 406548K, reserved 1402880K
  class space    used 51354K, capacity 53626K, committed 53780K, reserved 1048576K
Event: 3591.272 GC heap after
Heap after GC invocations=78 (full 22):
 PSYoungGen      total 132096K, used 2997K [0x00000000f5580000, 0x00000000ff980000, 0x0000000100000000)
  eden space 99328K, 0% used [0x00000000f5580000,0x00000000f5580000,0x00000000fb680000)
  from space 32768K, 9% used [0x00000000fd680000,0x00000000fd96d640,0x00000000ff680000)
  to   space 32768K, 0% used [0x00000000fb680000,0x00000000fb680000,0x00000000fd680000)
 ParOldGen       total 289792K, used 149386K [0x00000000e0000000, 0x00000000f1b00000, 0x00000000f5580000)
  object space 289792K, 51% used [0x00000000e0000000,0x00000000e91e2968,0x00000000f1b00000)
 Metaspace       used 370807K, capacity 405644K, committed 406548K, reserved 1402880K
  class space    used 51354K, capacity 53626K, committed 53780K, reserved 1048576K
}
Event: 3592.706 GC heap before
{Heap before GC invocations=79 (full 22):
 PSYoungGen      total 132096K, used 102325K [0x00000000f5580000, 0x00000000ff980000, 0x0000000100000000)
  eden space 99328K, 100% used [0x00000000f5580000,0x00000000fb680000,0x00000000fb680000)
  from space 32768K, 9% used [0x00000000fd680000,0x00000000fd96d640,0x00000000ff680000)
  to   space 32768K, 0% used [0x00000000fb680000,0x00000000fb680000,0x00000000fd680000)
 ParOldGen       total 289792K, used 149386K [0x00000000e0000000, 0x00000000f1b00000, 0x00000000f5580000)
  object space 289792K, 51% used [0x00000000e0000000,0x00000000e91e2968,0x00000000f1b00000)
 Metaspace       used 378995K, capacity 414274K, committed 414740K, reserved 1409024K
  class space    used 52388K, capacity 54724K, committed 54804K, reserved 1048576K
Event: 3592.716 GC heap after
Heap after GC invocations=79 (full 22):
 PSYoungGen      total 132096K, used 11865K [0x00000000f5580000, 0x00000000ff600000, 0x0000000100000000)
  eden space 99328K, 0% used [0x00000000f5580000,0x00000000f5580000,0x00000000fb680000)
  from space 32768K, 36% used [0x00000000fb680000,0x00000000fc2166e0,0x00000000fd680000)
  to   space 30720K, 0% used [0x00000000fd800000,0x00000000fd800000,0x00000000ff600000)
 ParOldGen       total 289792K, used 149394K [0x00000000e0000000, 0x00000000f1b00000, 0x00000000f5580000)
  object space 289792K, 51% used [0x00000000e0000000,0x00000000e91e4968,0x00000000f1b00000)
 Metaspace       used 378995K, capacity 414274K, committed 414740K, reserved 1409024K
  class space    used 52388K, capacity 54724K, committed 54804K, reserved 1048576K
}

