# JRE version: Java(TM) SE Runtime Environment (8.0_101-b13) (build 1.8.0_101-b13)
# Java VM: Java HotSpot(TM) 64-Bit Server VM (25.101-b13 mixed mode windows-amd64 compressed oops)
Heap:
 PSYoungGen      total 108544K, used 35999K [0x00000000f5580000, 0x00000000ff800000, 0x0000000100000000)
  eden space 58880K, 36% used [0x00000000f5580000,0x00000000f6ac1b50,0x00000000f8f00000)
  from space 49664K, 28% used [0x00000000fc780000,0x00000000fd566240,0x00000000ff800000)
  to   space 53760K, 0% used [0x00000000f8f00000,0x00000000f8f00000,0x00000000fc380000)
 ParOldGen       total 299008K, used 127617K [0x00000000e0000000, 0x00000000f2400000, 0x00000000f5580000)
  object space 299008K, 42% used [0x00000000e0000000,0x00000000e7ca05b8,0x00000000f2400000)
 Metaspace       used 341623K, capacity 372953K, committed 373396K, reserved 1372160K
  class space    used 47930K, capacity 50183K, committed 50324K, reserved 1048576K
GC Heap History (10 events):
Event: 1811.426 GC heap before
{Heap before GC invocations=72 (full 17):
 PSYoungGen      total 116736K, used 197K [0x00000000f5580000, 0x0000000100000000, 0x0000000100000000)
  eden space 58880K, 0% used [0x00000000f5580000,0x00000000f55b15c8,0x00000000f8f00000)
  from space 57856K, 0% used [0x00000000fc780000,0x00000000fc780000,0x0000000100000000)
  to   space 57856K, 0% used [0x00000000f8f00000,0x00000000f8f00000,0x00000000fc780000)
 ParOldGen       total 299008K, used 130492K [0x00000000e0000000, 0x00000000f2400000, 0x00000000f5580000)
  object space 299008K, 43% used [0x00000000e0000000,0x00000000e7f6f010,0x00000000f2400000)
 Metaspace       used 319205K, capacity 348473K, committed 352404K, reserved 1353728K
  class space    used 44613K, capacity 46716K, committed 47508K, reserved 1048576K
Event: 1811.431 GC heap after
Heap after GC invocations=72 (full 17):
 PSYoungGen      total 116736K, used 32K [0x00000000f5580000, 0x0000000100000000, 0x0000000100000000)
  eden space 58880K, 0% used [0x00000000f5580000,0x00000000f5580000,0x00000000f8f00000)
  from space 57856K, 0% used [0x00000000f8f00000,0x00000000f8f08000,0x00000000fc780000)
  to   space 57856K, 0% used [0x00000000fc780000,0x00000000fc780000,0x0000000100000000)
 ParOldGen       total 299008K, used 130492K [0x00000000e0000000, 0x00000000f2400000, 0x00000000f5580000)
  object space 299008K, 43% used [0x00000000e0000000,0x00000000e7f6f010,0x00000000f2400000)
 Metaspace       used 319205K, capacity 348473K, committed 352404K, reserved 1353728K
  class space    used 44613K, capacity 46716K, committed 47508K, reserved 1048576K
}
Event: 1811.431 GC heap before
{Heap before GC invocations=73 (full 18):
 PSYoungGen      total 116736K, used 32K [0x00000000f5580000, 0x0000000100000000, 0x0000000100000000)
  eden space 58880K, 0% used [0x00000000f5580000,0x00000000f5580000,0x00000000f8f00000)
  from space 57856K, 0% used [0x00000000f8f00000,0x00000000f8f08000,0x00000000fc780000)
  to   space 57856K, 0% used [0x00000000fc780000,0x00000000fc780000,0x0000000100000000)
 ParOldGen       total 299008K, used 130492K [0x00000000e0000000, 0x00000000f2400000, 0x00000000f5580000)
  object space 299008K, 43% used [0x00000000e0000000,0x00000000e7f6f010,0x00000000f2400000)
 Metaspace       used 319205K, capacity 348473K, committed 352404K, reserved 1353728K
  class space    used 44613K, capacity 46716K, committed 47508K, reserved 1048576K
Event: 1811.694 GC heap after
Heap after GC invocations=73 (full 18):
 PSYoungGen      total 116736K, used 0K [0x00000000f5580000, 0x0000000100000000, 0x0000000100000000)
  eden space 58880K, 0% used [0x00000000f5580000,0x00000000f5580000,0x00000000f8f00000)
  from space 57856K, 0% used [0x00000000f8f00000,0x00000000f8f00000,0x00000000fc780000)
  to   space 57856K, 0% used [0x00000000fc780000,0x00000000fc780000,0x0000000100000000)
 ParOldGen       total 299008K, used 124239K [0x00000000e0000000, 0x00000000f2400000, 0x00000000f5580000)
  object space 299008K, 41% used [0x00000000e0000000,0x00000000e7953f30,0x00000000f2400000)
 Metaspace       used 319205K, capacity 348473K, committed 352404K, reserved 1353728K
  class space    used 44613K, capacity 46716K, committed 47508K, reserved 1048576K
}
Event: 1904.792 GC heap before
{Heap before GC invocations=74 (full 18):
 PSYoungGen      total 116736K, used 58880K [0x00000000f5580000, 0x0000000100000000, 0x0000000100000000)
  eden space 58880K, 100% used [0x00000000f5580000,0x00000000f8f00000,0x00000000f8f00000)
  from space 57856K, 0% used [0x00000000f8f00000,0x00000000f8f00000,0x00000000fc780000)
  to   space 57856K, 0% used [0x00000000fc780000,0x00000000fc780000,0x0000000100000000)
 ParOldGen       total 299008K, used 124239K [0x00000000e0000000, 0x00000000f2400000, 0x00000000f5580000)
  object space 299008K, 41% used [0x00000000e0000000,0x00000000e7953f30,0x00000000f2400000)
 Metaspace       used 319377K, capacity 348637K, committed 352404K, reserved 1353728K
  class space    used 44630K, capacity 46722K, committed 47508K, reserved 1048576K
Event: 1904.805 GC heap after
Heap after GC invocations=74 (full 18):
 PSYoungGen      total 116736K, used 8909K [0x00000000f5580000, 0x0000000100000000, 0x0000000100000000)
  eden space 58880K, 0% used [0x00000000f5580000,0x00000000f5580000,0x00000000f8f00000)
  from space 57856K, 15% used [0x00000000fc780000,0x00000000fd033498,0x0000000100000000)
  to   space 57856K, 0% used [0x00000000f8f00000,0x00000000f8f00000,0x00000000fc780000)
 ParOldGen       total 299008K, used 124239K [0x00000000e0000000, 0x00000000f2400000, 0x00000000f5580000)
  object space 299008K, 41% used [0x00000000e0000000,0x00000000e7953f30,0x00000000f2400000)
 Metaspace       used 319377K, capacity 348637K, committed 352404K, reserved 1353728K
  class space    used 44630K, capacity 46722K, committed 47508K, reserved 1048576K
}
Event: 1905.966 GC heap before
{Heap before GC invocations=75 (full 18):
 PSYoungGen      total 116736K, used 67789K [0x00000000f5580000, 0x0000000100000000, 0x0000000100000000)
  eden space 58880K, 100% used [0x00000000f5580000,0x00000000f8f00000,0x00000000f8f00000)
  from space 57856K, 15% used [0x00000000fc780000,0x00000000fd033498,0x0000000100000000)
  to   space 57856K, 0% used [0x00000000f8f00000,0x00000000f8f00000,0x00000000fc780000)
 ParOldGen       total 299008K, used 124239K [0x00000000e0000000, 0x00000000f2400000, 0x00000000f5580000)
  object space 299008K, 41% used [0x00000000e0000000,0x00000000e7953f30,0x00000000f2400000)
 Metaspace       used 323707K, capacity 354069K, committed 356116K, reserved 1357824K
  class space    used 45279K, capacity 47462K, committed 47892K, reserved 1048576K
Event: 1905.975 GC heap after
Heap after GC invocations=75 (full 18):
 PSYoungGen      total 116736K, used 6110K [0x00000000f5580000, 0x0000000100000000, 0x0000000100000000)
  eden space 58880K, 0% used [0x00000000f5580000,0x00000000f5580000,0x00000000f8f00000)
  from space 57856K, 10% used [0x00000000f8f00000,0x00000000f94f7b00,0x00000000fc780000)
  to   space 57856K, 0% used [0x00000000fc780000,0x00000000fc780000,0x0000000100000000)
 ParOldGen       total 299008K, used 126188K [0x00000000e0000000, 0x00000000f2400000, 0x00000000f5580000)
  object space 299008K, 42% used [0x00000000e0000000,0x00000000e7b3b178,0x00000000f2400000)
 Metaspace       used 323707K, capacity 354069K, committed 356116K, reserved 1357824K
  class space    used 45279K, capacity 47462K, committed 47892K, reserved 1048576K
}
Event: 1907.229 GC heap before
{Heap before GC invocations=76 (full 18):
 PSYoungGen      total 116736K, used 64990K [0x00000000f5580000, 0x0000000100000000, 0x0000000100000000)
  eden space 58880K, 100% used [0x00000000f5580000,0x00000000f8f00000,0x00000000f8f00000)
  from space 57856K, 10% used [0x00000000f8f00000,0x00000000f94f7b00,0x00000000fc780000)
  to   space 57856K, 0% used [0x00000000fc780000,0x00000000fc780000,0x0000000100000000)
 ParOldGen       total 299008K, used 126188K [0x00000000e0000000, 0x00000000f2400000, 0x00000000f5580000)
  object space 299008K, 42% used [0x00000000e0000000,0x00000000e7b3b178,0x00000000f2400000)
 Metaspace       used 339147K, capacity 370237K, committed 370836K, reserved 1370112K
  class space    used 47620K, capacity 49859K, committed 50068K, reserved 1048576K
Event: 1907.243 GC heap after
Heap after GC invocations=76 (full 18):
 PSYoungGen      total 108544K, used 14232K [0x00000000f5580000, 0x00000000ff800000, 0x0000000100000000)
  eden space 58880K, 0% used [0x00000000f5580000,0x00000000f5580000,0x00000000f8f00000)
  from space 49664K, 28% used [0x00000000fc780000,0x00000000fd566240,0x00000000ff800000)
  to   space 53760K, 0% used [0x00000000f8f00000,0x00000000f8f00000,0x00000000fc380000)
 ParOldGen       total 299008K, used 127617K [0x00000000e0000000, 0x00000000f2400000, 0x00000000f5580000)
  object space 299008K, 42% used [0x00000000e0000000,0x00000000e7ca05b8,0x00000000f2400000)
 Metaspace       used 339147K, capacity 370237K, committed 370836K, reserved 1370112K
  class space    used 47620K, capacity 49859K, committed 50068K, reserved 1048576K
}

