# JRE version: Java(TM) SE Runtime Environment (8.0_101-b13) (build 1.8.0_101-b13)
# Java VM: Java HotSpot(TM) 64-Bit Server VM (25.101-b13 mixed mode windows-amd64 compressed oops)
Heap:
 PSYoungGen      total 121856K, used 41394K [0x00000000f5580000, 0x00000000ff280000, 0x0000000100000000)
  eden space 89088K, 24% used [0x00000000f5580000,0x00000000f6b3c580,0x00000000fac80000)
  from space 32768K, 58% used [0x00000000fac80000,0x00000000fbf30330,0x00000000fcc80000)
  to   space 33280K, 0% used [0x00000000fd200000,0x00000000fd200000,0x00000000ff280000)
 ParOldGen       total 280064K, used 103626K [0x00000000e0000000, 0x00000000f1180000, 0x00000000f5580000)
  object space 280064K, 37% used [0x00000000e0000000,0x00000000e6532a00,0x00000000f1180000)
 Metaspace       used 258737K, capacity 283784K, committed 284052K, reserved 1296384K
  class space    used 36053K, capacity 37733K, committed 37780K, reserved 1048576K
GC Heap History (10 events):
Event: 744.698 GC heap before
{Heap before GC invocations=47 (full 13):
 PSYoungGen      total 119296K, used 12893K [0x00000000f5580000, 0x00000000fed80000, 0x0000000100000000)
  eden space 87040K, 0% used [0x00000000f5580000,0x00000000f5580000,0x00000000faa80000)
  from space 32256K, 39% used [0x00000000fce00000,0x00000000fda974c0,0x00000000fed80000)
  to   space 34304K, 0% used [0x00000000faa80000,0x00000000faa80000,0x00000000fcc00000)
 ParOldGen       total 280064K, used 98752K [0x00000000e0000000, 0x00000000f1180000, 0x00000000f5580000)
  object space 280064K, 35% used [0x00000000e0000000,0x00000000e6070198,0x00000000f1180000)
 Metaspace       used 238747K, capacity 263242K, committed 263572K, reserved 1277952K
  class space    used 33279K, capacity 34876K, committed 34964K, reserved 1048576K
Event: 745.185 GC heap after
Heap after GC invocations=47 (full 13):
 PSYoungGen      total 119296K, used 0K [0x00000000f5580000, 0x00000000fed80000, 0x0000000100000000)
  eden space 87040K, 0% used [0x00000000f5580000,0x00000000f5580000,0x00000000faa80000)
  from space 32256K, 0% used [0x00000000fce00000,0x00000000fce00000,0x00000000fed80000)
  to   space 34304K, 0% used [0x00000000faa80000,0x00000000faa80000,0x00000000fcc00000)
 ParOldGen       total 280064K, used 106877K [0x00000000e0000000, 0x00000000f1180000, 0x00000000f5580000)
  object space 280064K, 38% used [0x00000000e0000000,0x00000000e685f538,0x00000000f1180000)
 Metaspace       used 238191K, capacity 262064K, committed 263572K, reserved 1277952K
  class space    used 33107K, capacity 34670K, committed 34964K, reserved 1048576K
}
Event: 745.186 GC heap before
{Heap before GC invocations=48 (full 13):
 PSYoungGen      total 119296K, used 254K [0x00000000f5580000, 0x00000000fed80000, 0x0000000100000000)
  eden space 87040K, 0% used [0x00000000f5580000,0x00000000f55bf948,0x00000000faa80000)
  from space 32256K, 0% used [0x00000000fce00000,0x00000000fce00000,0x00000000fed80000)
  to   space 34304K, 0% used [0x00000000faa80000,0x00000000faa80000,0x00000000fcc00000)
 ParOldGen       total 280064K, used 106877K [0x00000000e0000000, 0x00000000f1180000, 0x00000000f5580000)
  object space 280064K, 38% used [0x00000000e0000000,0x00000000e685f538,0x00000000f1180000)
 Metaspace       used 238191K, capacity 262064K, committed 263572K, reserved 1277952K
  class space    used 33107K, capacity 34670K, committed 34964K, reserved 1048576K
Event: 745.190 GC heap after
Heap after GC invocations=48 (full 13):
 PSYoungGen      total 121344K, used 32K [0x00000000f5580000, 0x00000000fee80000, 0x0000000100000000)
  eden space 87040K, 0% used [0x00000000f5580000,0x00000000f5580000,0x00000000faa80000)
  from space 34304K, 0% used [0x00000000faa80000,0x00000000faa88000,0x00000000fcc00000)
  to   space 34816K, 0% used [0x00000000fcc80000,0x00000000fcc80000,0x00000000fee80000)
 ParOldGen       total 280064K, used 106877K [0x00000000e0000000, 0x00000000f1180000, 0x00000000f5580000)
  object space 280064K, 38% used [0x00000000e0000000,0x00000000e685f538,0x00000000f1180000)
 Metaspace       used 238191K, capacity 262064K, committed 263572K, reserved 1277952K
  class space    used 33107K, capacity 34670K, committed 34964K, reserved 1048576K
}
Event: 745.190 GC heap before
{Heap before GC invocations=49 (full 14):
 PSYoungGen      total 121344K, used 32K [0x00000000f5580000, 0x00000000fee80000, 0x0000000100000000)
  eden space 87040K, 0% used [0x00000000f5580000,0x00000000f5580000,0x00000000faa80000)
  from space 34304K, 0% used [0x00000000faa80000,0x00000000faa88000,0x00000000fcc00000)
  to   space 34816K, 0% used [0x00000000fcc80000,0x00000000fcc80000,0x00000000fee80000)
 ParOldGen       total 280064K, used 106877K [0x00000000e0000000, 0x00000000f1180000, 0x00000000f5580000)
  object space 280064K, 38% used [0x00000000e0000000,0x00000000e685f538,0x00000000f1180000)
 Metaspace       used 238191K, capacity 262064K, committed 263572K, reserved 1277952K
  class space    used 33107K, capacity 34670K, committed 34964K, reserved 1048576K
Event: 745.427 GC heap after
Heap after GC invocations=49 (full 14):
 PSYoungGen      total 121344K, used 0K [0x00000000f5580000, 0x00000000fee80000, 0x0000000100000000)
  eden space 87040K, 0% used [0x00000000f5580000,0x00000000f5580000,0x00000000faa80000)
  from space 34304K, 0% used [0x00000000faa80000,0x00000000faa80000,0x00000000fcc00000)
  to   space 34816K, 0% used [0x00000000fcc80000,0x00000000fcc80000,0x00000000fee80000)
 ParOldGen       total 280064K, used 103610K [0x00000000e0000000, 0x00000000f1180000, 0x00000000f5580000)
  object space 280064K, 36% used [0x00000000e0000000,0x00000000e652ea00,0x00000000f1180000)
 Metaspace       used 238191K, capacity 262064K, committed 263572K, reserved 1277952K
  class space    used 33107K, capacity 34670K, committed 34964K, reserved 1048576K
}
Event: 1790.874 GC heap before
{Heap before GC invocations=50 (full 14):
 PSYoungGen      total 121344K, used 87040K [0x00000000f5580000, 0x00000000fee80000, 0x0000000100000000)
  eden space 87040K, 100% used [0x00000000f5580000,0x00000000faa80000,0x00000000faa80000)
  from space 34304K, 0% used [0x00000000faa80000,0x00000000faa80000,0x00000000fcc00000)
  to   space 34816K, 0% used [0x00000000fcc80000,0x00000000fcc80000,0x00000000fee80000)
 ParOldGen       total 280064K, used 103610K [0x00000000e0000000, 0x00000000f1180000, 0x00000000f5580000)
  object space 280064K, 36% used [0x00000000e0000000,0x00000000e652ea00,0x00000000f1180000)
 Metaspace       used 238472K, capacity 262420K, committed 263828K, reserved 1277952K
  class space    used 33113K, capacity 34676K, committed 34964K, reserved 1048576K
Event: 1790.893 GC heap after
Heap after GC invocations=50 (full 14):
 PSYoungGen      total 123904K, used 14238K [0x00000000f5580000, 0x00000000fef00000, 0x0000000100000000)
  eden space 89088K, 0% used [0x00000000f5580000,0x00000000f5580000,0x00000000fac80000)
  from space 34816K, 40% used [0x00000000fcc80000,0x00000000fda67ab0,0x00000000fee80000)
  to   space 32768K, 0% used [0x00000000fac80000,0x00000000fac80000,0x00000000fcc80000)
 ParOldGen       total 280064K, used 103618K [0x00000000e0000000, 0x00000000f1180000, 0x00000000f5580000)
  object space 280064K, 36% used [0x00000000e0000000,0x00000000e6530a00,0x00000000f1180000)
 Metaspace       used 238472K, capacity 262420K, committed 263828K, reserved 1277952K
  class space    used 33113K, capacity 34676K, committed 34964K, reserved 1048576K
}
Event: 1792.780 GC heap before
{Heap before GC invocations=51 (full 14):
 PSYoungGen      total 123904K, used 103326K [0x00000000f5580000, 0x00000000fef00000, 0x0000000100000000)
  eden space 89088K, 100% used [0x00000000f5580000,0x00000000fac80000,0x00000000fac80000)
  from space 34816K, 40% used [0x00000000fcc80000,0x00000000fda67ab0,0x00000000fee80000)
  to   space 32768K, 0% used [0x00000000fac80000,0x00000000fac80000,0x00000000fcc80000)
 ParOldGen       total 280064K, used 103618K [0x00000000e0000000, 0x00000000f1180000, 0x00000000f5580000)
  object space 280064K, 36% used [0x00000000e0000000,0x00000000e6530a00,0x00000000f1180000)
 Metaspace       used 256248K, capacity 281152K, committed 281364K, reserved 1294336K
  class space    used 35737K, capacity 37385K, committed 37396K, reserved 1048576K
Event: 1792.794 GC heap after
Heap after GC invocations=51 (full 14):
 PSYoungGen      total 121856K, used 19136K [0x00000000f5580000, 0x00000000ff280000, 0x0000000100000000)
  eden space 89088K, 0% used [0x00000000f5580000,0x00000000f5580000,0x00000000fac80000)
  from space 32768K, 58% used [0x00000000fac80000,0x00000000fbf30330,0x00000000fcc80000)
  to   space 33280K, 0% used [0x00000000fd200000,0x00000000fd200000,0x00000000ff280000)
 ParOldGen       total 280064K, used 103626K [0x00000000e0000000, 0x00000000f1180000, 0x00000000f5580000)
  object space 280064K, 37% used [0x00000000e0000000,0x00000000e6532a00,0x00000000f1180000)
 Metaspace       used 256248K, capacity 281152K, committed 281364K, reserved 1294336K
  class space    used 35737K, capacity 37385K, committed 37396K, reserved 1048576K
}

