# JRE version: Java(TM) SE Runtime Environment (8.0_101-b13) (build 1.8.0_101-b13)
# Java VM: Java HotSpot(TM) 64-Bit Server VM (25.101-b13 mixed mode windows-amd64 compressed oops)
Heap:
 PSYoungGen      total 136192K, used 37016K [0x00000000f5580000, 0x00000000fff00000, 0x0000000100000000)
  eden space 98816K, 17% used [0x00000000f5580000,0x00000000f665c3c0,0x00000000fb600000)
  from space 37376K, 52% used [0x00000000fb600000,0x00000000fc949c70,0x00000000fda80000)
  to   space 36864K, 0% used [0x00000000fdb00000,0x00000000fdb00000,0x00000000fff00000)
 ParOldGen       total 219136K, used 112252K [0x00000000e0000000, 0x00000000ed600000, 0x00000000f5580000)
  object space 219136K, 51% used [0x00000000e0000000,0x00000000e6d9f048,0x00000000ed600000)
 Metaspace       used 284279K, capacity 310151K, committed 310420K, reserved 1318912K
  class space    used 39517K, capacity 41319K, committed 41364K, reserved 1048576K
GC Heap History (10 events):
Event: 518.778 GC heap before
{Heap before GC invocations=53 (full 13):
 PSYoungGen      total 135680K, used 21358K [0x00000000f5580000, 0x00000000fff00000, 0x0000000100000000)
  eden space 98816K, 0% used [0x00000000f5580000,0x00000000f5580000,0x00000000fb600000)
  from space 36864K, 57% used [0x00000000fdb00000,0x00000000fefdb998,0x00000000fff00000)
  to   space 37376K, 0% used [0x00000000fb600000,0x00000000fb600000,0x00000000fda80000)
 ParOldGen       total 219136K, used 99381K [0x00000000e0000000, 0x00000000ed600000, 0x00000000f5580000)
  object space 219136K, 45% used [0x00000000e0000000,0x00000000e610d6e8,0x00000000ed600000)
 Metaspace       used 264590K, capacity 290065K, committed 290324K, reserved 1300480K
  class space    used 36836K, capacity 38567K, committed 38676K, reserved 1048576K
Event: 519.297 GC heap after
Heap after GC invocations=53 (full 13):
 PSYoungGen      total 135680K, used 0K [0x00000000f5580000, 0x00000000fff00000, 0x0000000100000000)
  eden space 98816K, 0% used [0x00000000f5580000,0x00000000f5580000,0x00000000fb600000)
  from space 36864K, 0% used [0x00000000fdb00000,0x00000000fdb00000,0x00000000fff00000)
  to   space 37376K, 0% used [0x00000000fb600000,0x00000000fb600000,0x00000000fda80000)
 ParOldGen       total 219136K, used 116186K [0x00000000e0000000, 0x00000000ed600000, 0x00000000f5580000)
  object space 219136K, 53% used [0x00000000e0000000,0x00000000e7176b70,0x00000000ed600000)
 Metaspace       used 263917K, capacity 288639K, committed 290324K, reserved 1300480K
  class space    used 36632K, capacity 38320K, committed 38676K, reserved 1048576K
}
Event: 519.298 GC heap before
{Heap before GC invocations=54 (full 13):
 PSYoungGen      total 135680K, used 1817K [0x00000000f5580000, 0x00000000fff00000, 0x0000000100000000)
  eden space 98816K, 1% used [0x00000000f5580000,0x00000000f5746650,0x00000000fb600000)
  from space 36864K, 0% used [0x00000000fdb00000,0x00000000fdb00000,0x00000000fff00000)
  to   space 37376K, 0% used [0x00000000fb600000,0x00000000fb600000,0x00000000fda80000)
 ParOldGen       total 219136K, used 116186K [0x00000000e0000000, 0x00000000ed600000, 0x00000000f5580000)
  object space 219136K, 53% used [0x00000000e0000000,0x00000000e7176b70,0x00000000ed600000)
 Metaspace       used 263917K, capacity 288639K, committed 290324K, reserved 1300480K
  class space    used 36632K, capacity 38320K, committed 38676K, reserved 1048576K
Event: 519.303 GC heap after
Heap after GC invocations=54 (full 13):
 PSYoungGen      total 136192K, used 32K [0x00000000f5580000, 0x0000000100000000, 0x0000000100000000)
  eden space 98816K, 0% used [0x00000000f5580000,0x00000000f5580000,0x00000000fb600000)
  from space 37376K, 0% used [0x00000000fb600000,0x00000000fb608000,0x00000000fda80000)
  to   space 38400K, 0% used [0x00000000fda80000,0x00000000fda80000,0x0000000100000000)
 ParOldGen       total 219136K, used 116186K [0x00000000e0000000, 0x00000000ed600000, 0x00000000f5580000)
  object space 219136K, 53% used [0x00000000e0000000,0x00000000e7176b70,0x00000000ed600000)
 Metaspace       used 263917K, capacity 288639K, committed 290324K, reserved 1300480K
  class space    used 36632K, capacity 38320K, committed 38676K, reserved 1048576K
}
Event: 519.303 GC heap before
{Heap before GC invocations=55 (full 14):
 PSYoungGen      total 136192K, used 32K [0x00000000f5580000, 0x0000000100000000, 0x0000000100000000)
  eden space 98816K, 0% used [0x00000000f5580000,0x00000000f5580000,0x00000000fb600000)
  from space 37376K, 0% used [0x00000000fb600000,0x00000000fb608000,0x00000000fda80000)
  to   space 38400K, 0% used [0x00000000fda80000,0x00000000fda80000,0x0000000100000000)
 ParOldGen       total 219136K, used 116186K [0x00000000e0000000, 0x00000000ed600000, 0x00000000f5580000)
  object space 219136K, 53% used [0x00000000e0000000,0x00000000e7176b70,0x00000000ed600000)
 Metaspace       used 263917K, capacity 288639K, committed 290324K, reserved 1300480K
  class space    used 36632K, capacity 38320K, committed 38676K, reserved 1048576K
Event: 519.631 GC heap after
Heap after GC invocations=55 (full 14):
 PSYoungGen      total 136192K, used 0K [0x00000000f5580000, 0x0000000100000000, 0x0000000100000000)
  eden space 98816K, 0% used [0x00000000f5580000,0x00000000f5580000,0x00000000fb600000)
  from space 37376K, 0% used [0x00000000fb600000,0x00000000fb600000,0x00000000fda80000)
  to   space 38400K, 0% used [0x00000000fda80000,0x00000000fda80000,0x0000000100000000)
 ParOldGen       total 219136K, used 112236K [0x00000000e0000000, 0x00000000ed600000, 0x00000000f5580000)
  object space 219136K, 51% used [0x00000000e0000000,0x00000000e6d9b048,0x00000000ed600000)
 Metaspace       used 263917K, capacity 288639K, committed 290324K, reserved 1300480K
  class space    used 36632K, capacity 38320K, committed 38676K, reserved 1048576K
}
Event: 601.317 GC heap before
{Heap before GC invocations=56 (full 14):
 PSYoungGen      total 136192K, used 98816K [0x00000000f5580000, 0x0000000100000000, 0x0000000100000000)
  eden space 98816K, 100% used [0x00000000f5580000,0x00000000fb600000,0x00000000fb600000)
  from space 37376K, 0% used [0x00000000fb600000,0x00000000fb600000,0x00000000fda80000)
  to   space 38400K, 0% used [0x00000000fda80000,0x00000000fda80000,0x0000000100000000)
 ParOldGen       total 219136K, used 112236K [0x00000000e0000000, 0x00000000ed600000, 0x00000000f5580000)
  object space 219136K, 51% used [0x00000000e0000000,0x00000000e6d9b048,0x00000000ed600000)
 Metaspace       used 264182K, capacity 289047K, committed 290580K, reserved 1300480K
  class space    used 36634K, capacity 38323K, committed 38676K, reserved 1048576K
Event: 601.348 GC heap after
Heap after GC invocations=56 (full 14):
 PSYoungGen      total 136192K, used 18333K [0x00000000f5580000, 0x00000000fff00000, 0x0000000100000000)
  eden space 98816K, 0% used [0x00000000f5580000,0x00000000f5580000,0x00000000fb600000)
  from space 37376K, 49% used [0x00000000fda80000,0x00000000fec67570,0x00000000fff00000)
  to   space 37376K, 0% used [0x00000000fb600000,0x00000000fb600000,0x00000000fda80000)
 ParOldGen       total 219136K, used 112244K [0x00000000e0000000, 0x00000000ed600000, 0x00000000f5580000)
  object space 219136K, 51% used [0x00000000e0000000,0x00000000e6d9d048,0x00000000ed600000)
 Metaspace       used 264182K, capacity 289047K, committed 290580K, reserved 1300480K
  class space    used 36634K, capacity 38323K, committed 38676K, reserved 1048576K
}
Event: 603.438 GC heap before
{Heap before GC invocations=57 (full 14):
 PSYoungGen      total 136192K, used 117149K [0x00000000f5580000, 0x00000000fff00000, 0x0000000100000000)
  eden space 98816K, 100% used [0x00000000f5580000,0x00000000fb600000,0x00000000fb600000)
  from space 37376K, 49% used [0x00000000fda80000,0x00000000fec67570,0x00000000fff00000)
  to   space 37376K, 0% used [0x00000000fb600000,0x00000000fb600000,0x00000000fda80000)
 ParOldGen       total 219136K, used 112244K [0x00000000e0000000, 0x00000000ed600000, 0x00000000f5580000)
  object space 219136K, 51% used [0x00000000e0000000,0x00000000e6d9d048,0x00000000ed600000)
 Metaspace       used 282044K, capacity 307781K, committed 307860K, reserved 1316864K
  class space    used 39308K, capacity 41084K, committed 41108K, reserved 1048576K
Event: 603.451 GC heap after
Heap after GC invocations=57 (full 14):
 PSYoungGen      total 136192K, used 19751K [0x00000000f5580000, 0x00000000fff00000, 0x0000000100000000)
  eden space 98816K, 0% used [0x00000000f5580000,0x00000000f5580000,0x00000000fb600000)
  from space 37376K, 52% used [0x00000000fb600000,0x00000000fc949c70,0x00000000fda80000)
  to   space 36864K, 0% used [0x00000000fdb00000,0x00000000fdb00000,0x00000000fff00000)
 ParOldGen       total 219136K, used 112252K [0x00000000e0000000, 0x00000000ed600000, 0x00000000f5580000)
  object space 219136K, 51% used [0x00000000e0000000,0x00000000e6d9f048,0x00000000ed600000)
 Metaspace       used 282044K, capacity 307781K, committed 307860K, reserved 1316864K
  class space    used 39308K, capacity 41084K, committed 41108K, reserved 1048576K
}

